============================= test session starts =============================
platform win32 -- Python 3.13.7, pytest-9.0.2, pluggy-1.6.0 -- C:\Users\siwan\AppData\Local\Programs\Python\Python313\python.exe
rootdir: D:\Jane\Job Search\Github\credit-risk-portfolio_bank\credit risk models commercial\industry-analysis\.claude\worktrees\practical-wu-f936ab
configfile: pyproject.toml
testpaths: tests
plugins: anyio-4.11.0
collecting ... collected 54 items

tests/test_foundation_and_macro.py::test_defensive_service_sectors_are_not_penalised_for_labour_intensity PASSED [  1%]
tests/test_foundation_and_macro.py::test_cyclical_sectors_keep_higher_structural_demand_dependency PASSED [  3%]
tests/test_foundation_and_macro.py::test_external_shock_no_longer_uses_sector_size_as_risk_driver PASSED [  5%]
tests/test_foundation_and_macro.py::test_low_reliability_demand_proxy_sectors_score_neutral_when_proxy_is_missing PASSED [  7%]
tests/test_foundation_and_macro.py::test_inventory_days_estimation_uses_quarterly_ratio_basis PASSED [  9%]
tests/test_foundation_and_macro.py::test_inventory_stock_build_risk_flags_rising_stock_into_weaker_conditions PASSED [ 11%]
tests/test_ptrs_reconstruction.py::test_parse_ptrs_cycle8_table_from_text PASSED [ 12%]
tests/test_ptrs_reconstruction.py::test_parse_ptrs_cycle9_table_from_text PASSED [ 14%]
tests/test_ptrs_reconstruction.py::test_write_ptrs_workbook_remains_parseable_without_excel_calculation PASSED [ 16%]
tests/test_reference_layer.py::test_region_risk_table_uses_proxy_inputs_when_optional_sources_missing PASSED [ 18%]
tests/test_reference_layer.py::test_property_cycle_table_flags_negative_segment_as_downturn PASSED [ 20%]
tests/test_reference_layer.py::test_arrears_environment_defaults_to_low_improving_when_context_missing PASSED [ 22%]
tests/test_reference_layer.py::test_property_downturn_overlays_are_monotonic PASSED [ 24%]
tests/test_reference_layer.py::test_canonical_panel_overlay_builders_are_importable PASSED [ 25%]
tests/test_utils.py::TestNormaliseText::test_basic PASSED                [ 27%]
tests/test_utils.py::TestNormaliseText::test_special_chars PASSED        [ 29%]
tests/test_utils.py::TestNormaliseText::test_numeric PASSED              [ 31%]
tests/test_utils.py::TestRiskBand::test_low_boundary PASSED              [ 33%]
tests/test_utils.py::TestRiskBand::test_medium_lower PASSED              [ 35%]
tests/test_utils.py::TestRiskBand::test_medium_upper PASSED              [ 37%]
tests/test_utils.py::TestRiskBand::test_elevated_lower PASSED            [ 38%]
tests/test_utils.py::TestRiskBand::test_elevated_upper PASSED            [ 40%]
tests/test_utils.py::TestRiskBand::test_high PASSED                      [ 42%]
tests/test_utils.py::TestRiskBand::test_extreme PASSED                   [ 44%]
tests/test_utils.py::TestRiskBand::test_very_low PASSED                  [ 46%]
tests/test_utils.py::TestScoreEmploymentGrowth::test_strong_growth PASSED [ 48%]
tests/test_utils.py::TestScoreEmploymentGrowth::test_moderate_growth PASSED [ 50%]
tests/test_utils.py::TestScoreEmploymentGrowth::test_low_growth PASSED   [ 51%]
tests/test_utils.py::TestScoreEmploymentGrowth::test_very_low_growth PASSED [ 53%]
tests/test_utils.py::TestScoreEmploymentGrowth::test_decline PASSED      [ 55%]
tests/test_utils.py::TestScoreEmploymentGrowth::test_nan PASSED          [ 57%]
tests/test_utils.py::TestScoreMarginLevel::test_high_percentage PASSED   [ 59%]
tests/test_utils.py::TestScoreMarginLevel::test_low_percentage PASSED    [ 61%]
tests/test_utils.py::TestScoreMarginLevel::test_nan PASSED               [ 62%]
tests/test_utils.py::TestScoreMarginTrend::test_improving PASSED         [ 64%]
tests/test_utils.py::TestScoreMarginTrend::test_declining PASSED         [ 66%]
tests/test_utils.py::TestScoreMarginTrend::test_nan PASSED               [ 68%]
tests/test_utils.py::TestScoreInventoryRatio::test_low PASSED            [ 70%]
tests/test_utils.py::TestScoreInventoryRatio::test_high PASSED           [ 72%]
tests/test_utils.py::TestScoreInventoryRatio::test_nan PASSED            [ 74%]
tests/test_utils.py::TestScoreDemandGrowth::test_strong_growth PASSED    [ 75%]
tests/test_utils.py::TestScoreDemandGrowth::test_strong_decline PASSED   [ 77%]
tests/test_utils.py::TestScoreDemandGrowth::test_nan PASSED              [ 79%]
tests/test_utils.py::TestScoreGapHigherIsWorse::test_below_benchmark PASSED [ 81%]
tests/test_utils.py::TestScoreGapHigherIsWorse::test_above_benchmark PASSED [ 83%]
tests/test_utils.py::TestScoreGapHigherIsWorse::test_nan_actual PASSED   [ 85%]
tests/test_utils.py::TestScoreGapHigherIsWorse::test_nan_benchmark PASSED [ 87%]
tests/test_utils.py::TestScoreGapLowerIsWorse::test_well_above PASSED    [ 88%]
tests/test_utils.py::TestScoreGapLowerIsWorse::test_well_below PASSED    [ 90%]
tests/test_utils.py::TestScoreGapLowerIsWorse::test_nan PASSED           [ 92%]
tests/test_utils.py::TestScoreICR::test_well_above_benchmark PASSED      [ 94%]
tests/test_utils.py::TestScoreICR::test_at_benchmark PASSED              [ 96%]
tests/test_utils.py::TestScoreICR::test_below_benchmark PASSED           [ 98%]
tests/test_utils.py::TestScoreICR::test_nan PASSED                       [100%]

============================= 54 passed in 1.61s ==============================
