============================= test session starts =============================
platform win32 -- Python 3.13.7, pytest-9.0.2, pluggy-1.6.0 -- C:\Users\siwan\AppData\Local\Programs\Python\Python313\python.exe
rootdir: D:\Jane\Job Search\Github\credit-risk-portfolio_bank\credit risk models commercial\industry-analysis\.claude\worktrees\practical-wu-f936ab
configfile: pyproject.toml
testpaths: tests
plugins: anyio-4.11.0
collecting ... collected 72 items

tests/test_export_contracts.py::test_export_file_exists_on_disk[industry_risk_scores-spec0] PASSED [  1%]
tests/test_export_contracts.py::test_export_file_exists_on_disk[property_market_overlays-spec1] PASSED [  2%]
tests/test_export_contracts.py::test_export_file_exists_on_disk[downturn_overlay_table-spec2] PASSED [  4%]
tests/test_export_contracts.py::test_export_file_exists_on_disk[macro_regime_flags-spec3] PASSED [  5%]
tests/test_export_contracts.py::test_export_has_min_rows[industry_risk_scores-spec0] PASSED [  6%]
tests/test_export_contracts.py::test_export_has_min_rows[property_market_overlays-spec1] PASSED [  8%]
tests/test_export_contracts.py::test_export_has_min_rows[downturn_overlay_table-spec2] PASSED [  9%]
tests/test_export_contracts.py::test_export_has_min_rows[macro_regime_flags-spec3] PASSED [ 11%]
tests/test_export_contracts.py::test_export_has_required_columns[industry_risk_scores-spec0] PASSED [ 12%]
tests/test_export_contracts.py::test_export_has_required_columns[property_market_overlays-spec1] PASSED [ 13%]
tests/test_export_contracts.py::test_export_has_required_columns[downturn_overlay_table-spec2] PASSED [ 15%]
tests/test_export_contracts.py::test_export_has_required_columns[macro_regime_flags-spec3] PASSED [ 16%]
tests/test_export_contracts.py::test_export_has_no_all_null_columns[industry_risk_scores-spec0] PASSED [ 18%]
tests/test_export_contracts.py::test_export_has_no_all_null_columns[property_market_overlays-spec1] PASSED [ 19%]
tests/test_export_contracts.py::test_export_has_no_all_null_columns[downturn_overlay_table-spec2] PASSED [ 20%]
tests/test_export_contracts.py::test_export_has_no_all_null_columns[macro_regime_flags-spec3] PASSED [ 22%]
tests/test_export_contracts.py::test_downturn_multipliers_monotonic PASSED [ 23%]
tests/test_export_contracts.py::test_downturn_base_is_unity PASSED       [ 25%]
tests/test_foundation_and_macro.py::test_defensive_service_sectors_are_not_penalised_for_labour_intensity PASSED [ 26%]
tests/test_foundation_and_macro.py::test_cyclical_sectors_keep_higher_structural_demand_dependency PASSED [ 27%]
tests/test_foundation_and_macro.py::test_external_shock_no_longer_uses_sector_size_as_risk_driver PASSED [ 29%]
tests/test_foundation_and_macro.py::test_low_reliability_demand_proxy_sectors_score_neutral_when_proxy_is_missing PASSED [ 30%]
tests/test_foundation_and_macro.py::test_inventory_days_estimation_uses_quarterly_ratio_basis PASSED [ 31%]
tests/test_foundation_and_macro.py::test_inventory_stock_build_risk_flags_rising_stock_into_weaker_conditions PASSED [ 33%]
tests/test_ptrs_reconstruction.py::test_parse_ptrs_cycle8_table_from_text PASSED [ 34%]
tests/test_ptrs_reconstruction.py::test_parse_ptrs_cycle9_table_from_text PASSED [ 36%]
tests/test_ptrs_reconstruction.py::test_write_ptrs_workbook_remains_parseable_without_excel_calculation PASSED [ 37%]
tests/test_reference_layer.py::test_region_risk_table_uses_proxy_inputs_when_optional_sources_missing PASSED [ 38%]
tests/test_reference_layer.py::test_property_cycle_table_flags_negative_segment_as_downturn PASSED [ 40%]
tests/test_reference_layer.py::test_arrears_environment_defaults_to_low_improving_when_context_missing PASSED [ 41%]
tests/test_reference_layer.py::test_property_downturn_overlays_are_monotonic PASSED [ 43%]
tests/test_reference_layer.py::test_canonical_panel_overlay_builders_are_importable PASSED [ 44%]
tests/test_utils.py::TestNormaliseText::test_basic PASSED                [ 45%]
tests/test_utils.py::TestNormaliseText::test_special_chars PASSED        [ 47%]
tests/test_utils.py::TestNormaliseText::test_numeric PASSED              [ 48%]
tests/test_utils.py::TestRiskBand::test_low_boundary PASSED              [ 50%]
tests/test_utils.py::TestRiskBand::test_medium_lower PASSED              [ 51%]
tests/test_utils.py::TestRiskBand::test_medium_upper PASSED              [ 52%]
tests/test_utils.py::TestRiskBand::test_elevated_lower PASSED            [ 54%]
tests/test_utils.py::TestRiskBand::test_elevated_upper PASSED            [ 55%]
tests/test_utils.py::TestRiskBand::test_high PASSED                      [ 56%]
tests/test_utils.py::TestRiskBand::test_extreme PASSED                   [ 58%]
tests/test_utils.py::TestRiskBand::test_very_low PASSED                  [ 59%]
tests/test_utils.py::TestScoreEmploymentGrowth::test_strong_growth PASSED [ 61%]
tests/test_utils.py::TestScoreEmploymentGrowth::test_moderate_growth PASSED [ 62%]
tests/test_utils.py::TestScoreEmploymentGrowth::test_low_growth PASSED   [ 63%]
tests/test_utils.py::TestScoreEmploymentGrowth::test_very_low_growth PASSED [ 65%]
tests/test_utils.py::TestScoreEmploymentGrowth::test_decline PASSED      [ 66%]
tests/test_utils.py::TestScoreEmploymentGrowth::test_nan PASSED          [ 68%]
tests/test_utils.py::TestScoreMarginLevel::test_high_percentage PASSED   [ 69%]
tests/test_utils.py::TestScoreMarginLevel::test_low_percentage PASSED    [ 70%]
tests/test_utils.py::TestScoreMarginLevel::test_nan PASSED               [ 72%]
tests/test_utils.py::TestScoreMarginTrend::test_improving PASSED         [ 73%]
tests/test_utils.py::TestScoreMarginTrend::test_declining PASSED         [ 75%]
tests/test_utils.py::TestScoreMarginTrend::test_nan PASSED               [ 76%]
tests/test_utils.py::TestScoreInventoryRatio::test_low PASSED            [ 77%]
tests/test_utils.py::TestScoreInventoryRatio::test_high PASSED           [ 79%]
tests/test_utils.py::TestScoreInventoryRatio::test_nan PASSED            [ 80%]
tests/test_utils.py::TestScoreDemandGrowth::test_strong_growth PASSED    [ 81%]
tests/test_utils.py::TestScoreDemandGrowth::test_strong_decline PASSED   [ 83%]
tests/test_utils.py::TestScoreDemandGrowth::test_nan PASSED              [ 84%]
tests/test_utils.py::TestScoreGapHigherIsWorse::test_below_benchmark PASSED [ 86%]
tests/test_utils.py::TestScoreGapHigherIsWorse::test_above_benchmark PASSED [ 87%]
tests/test_utils.py::TestScoreGapHigherIsWorse::test_nan_actual PASSED   [ 88%]
tests/test_utils.py::TestScoreGapHigherIsWorse::test_nan_benchmark PASSED [ 90%]
tests/test_utils.py::TestScoreGapLowerIsWorse::test_well_above PASSED    [ 91%]
tests/test_utils.py::TestScoreGapLowerIsWorse::test_well_below PASSED    [ 93%]
tests/test_utils.py::TestScoreGapLowerIsWorse::test_nan PASSED           [ 94%]
tests/test_utils.py::TestScoreICR::test_well_above_benchmark PASSED      [ 95%]
tests/test_utils.py::TestScoreICR::test_at_benchmark PASSED              [ 97%]
tests/test_utils.py::TestScoreICR::test_below_benchmark PASSED           [ 98%]
tests/test_utils.py::TestScoreICR::test_nan PASSED                       [100%]

============================= 72 passed in 3.00s ==============================
